Jul-20 13:56:54.868 [main] DEBUG nextflow.cli.Launcher - $> nextflow run /Users/timbarry/research_code//pc-grna-pipeline/main.nf --data_method_pair_file /Users/timbarry/research_code//sceptre2-manuscript/param_files/data_method_pairs_pc.groovy --grna_modality assignment -resume
Jul-20 13:56:55.026 [main] INFO  nextflow.cli.CmdRun - N E X T F L O W  ~  version 22.04.3
Jul-20 13:56:55.048 [main] DEBUG nextflow.config.ConfigBuilder - Found config home: /Users/timbarry/.nextflow/config
Jul-20 13:56:55.051 [main] DEBUG nextflow.config.ConfigBuilder - Parsing config file: /Users/timbarry/.nextflow/config
Jul-20 13:56:55.080 [main] DEBUG nextflow.config.ConfigBuilder - Applying config profile: `standard`
Jul-20 13:56:55.884 [main] DEBUG nextflow.cli.CmdRun - Applied DSL=2 by global default
Jul-20 13:56:55.902 [main] INFO  nextflow.cli.CmdRun - Launching `/Users/timbarry/research_code/pc-grna-pipeline/main.nf` [kickass_gautier] DSL2 - revision: 0758df1dbe
Jul-20 13:56:55.917 [main] DEBUG nextflow.plugin.PluginsFacade - Setting up plugin manager > mode=prod; plugins-dir=/Users/timbarry/.nextflow/plugins; core-plugins: nf-amazon@1.7.2,nf-azure@0.13.2,nf-console@1.0.3,nf-ga4gh@1.0.3,nf-google@1.1.4,nf-sqldb@0.4.0,nf-tower@1.4.0
Jul-20 13:56:55.919 [main] DEBUG nextflow.plugin.PluginsFacade - Plugins default=[]
Jul-20 13:56:55.930 [main] INFO  org.pf4j.DefaultPluginStatusProvider - Enabled plugins: []
Jul-20 13:56:55.931 [main] INFO  org.pf4j.DefaultPluginStatusProvider - Disabled plugins: []
Jul-20 13:56:55.934 [main] INFO  org.pf4j.DefaultPluginManager - PF4J version 3.4.1 in 'deployment' mode
Jul-20 13:56:55.943 [main] INFO  org.pf4j.AbstractPluginManager - No plugins
Jul-20 13:56:56.006 [main] DEBUG nextflow.Session - Session uuid: b038dcc5-8349-44da-a740-0a87414ca7f8
Jul-20 13:56:56.006 [main] DEBUG nextflow.Session - Run name: kickass_gautier
Jul-20 13:56:56.007 [main] DEBUG nextflow.Session - Executor pool size: 8
Jul-20 13:56:56.025 [main] DEBUG nextflow.cli.CmdRun - 
  Version: 22.04.3 build 5703
  Created: 18-05-2022 19:22 UTC (15:22 EDT)
  System: Mac OS X 10.16
  Runtime: Groovy 3.0.10 on OpenJDK 64-Bit Server VM 1.8.0_242-b08
  Encoding: UTF-8 (UTF-8)
  Process: 71030@vagelos-ve703-14679.apn.wlan.private.upenn.edu [10.102.249.108]
  CPUs: 8 - Mem: 16 GB (2 GB) - Swap: 3 GB (1.4 GB)
Jul-20 13:56:56.061 [main] DEBUG nextflow.Session - Work-dir: /Users/timbarry/research_offsite/work [Mac OS X]
Jul-20 13:56:56.078 [main] DEBUG nextflow.executor.ExecutorFactory - Extension executors providers=[]
Jul-20 13:56:56.088 [main] DEBUG nextflow.Session - Observer factory: DefaultObserverFactory
Jul-20 13:56:56.126 [main] DEBUG nextflow.cache.CacheFactory - Using Nextflow cache factory: nextflow.cache.DefaultCacheFactory
Jul-20 13:56:56.138 [main] DEBUG nextflow.util.CustomThreadPool - Creating default thread pool > poolSize: 9; maxThreads: 1000
Jul-20 13:56:56.232 [main] DEBUG nextflow.Session - Session start invoked
Jul-20 13:56:56.911 [main] DEBUG nextflow.script.ScriptRunner - > Launching execution
Jul-20 13:56:57.069 [main] DEBUG nextflow.executor.ExecutorFactory - << taskConfig executor: null
Jul-20 13:56:57.069 [main] DEBUG nextflow.executor.ExecutorFactory - >> processorType: 'local'
Jul-20 13:56:57.074 [main] DEBUG nextflow.executor.Executor - [warm up] executor > local
Jul-20 13:56:57.078 [main] DEBUG n.processor.LocalPollingMonitor - Creating local task monitor for executor 'local' > cpus=8; memory=16 GB; capacity=8; pollInterval=100ms; dumpInterval=5m
Jul-20 13:56:57.252 [main] DEBUG nextflow.executor.ExecutorFactory - << taskConfig executor: null
Jul-20 13:56:57.252 [main] DEBUG nextflow.executor.ExecutorFactory - >> processorType: 'local'
Jul-20 13:56:57.277 [main] DEBUG nextflow.executor.ExecutorFactory - << taskConfig executor: null
Jul-20 13:56:57.277 [main] DEBUG nextflow.executor.ExecutorFactory - >> processorType: 'local'
Jul-20 13:56:57.281 [main] DEBUG nextflow.Session - Workflow process names [dsl2]: combine_results, run_method, obtain_pc_pairs
Jul-20 13:56:57.282 [main] DEBUG nextflow.Session - Ignite dataflow network (5)
Jul-20 13:56:57.283 [main] DEBUG nextflow.processor.TaskProcessor - Starting process > obtain_pc_pairs
Jul-20 13:56:57.283 [main] DEBUG nextflow.processor.TaskProcessor - Starting process > run_method
Jul-20 13:56:57.284 [main] DEBUG nextflow.processor.TaskProcessor - Starting process > combine_results
Jul-20 13:56:57.284 [main] DEBUG nextflow.script.ScriptRunner - > Await termination 
Jul-20 13:56:57.284 [main] DEBUG nextflow.Session - Session await
Jul-20 13:56:57.438 [Actor Thread 5] INFO  nextflow.processor.TaskProcessor - [85/018e2c] Cached process > obtain_pc_pairs
Jul-20 13:56:57.612 [Actor Thread 11] INFO  nextflow.processor.TaskProcessor - [20/6ba16b] Cached process > run_method (schraivogel/ground_truth_tapseq/gene+schraivogel_method)
Jul-20 13:56:57.612 [Actor Thread 2] INFO  nextflow.processor.TaskProcessor - [e5/af0403] Cached process > run_method (schraivogel/ground_truth_tapseq/gene+mimosca)
Jul-20 13:56:57.612 [Actor Thread 8] INFO  nextflow.processor.TaskProcessor - [f5/f23c3f] Cached process > run_method (schraivogel/ground_truth_tapseq/gene+mimosca)
Jul-20 13:56:57.612 [Actor Thread 6] INFO  nextflow.processor.TaskProcessor - [12/008435] Cached process > run_method (schraivogel/ground_truth_tapseq/gene+seurat_de)
Jul-20 13:56:57.612 [Actor Thread 1] INFO  nextflow.processor.TaskProcessor - [8d/ae2be8] Cached process > run_method (schraivogel/ground_truth_tapseq/gene+schraivogel_method)
Jul-20 13:56:57.612 [Actor Thread 4] INFO  nextflow.processor.TaskProcessor - [8c/f3467a] Cached process > run_method (schraivogel/ground_truth_tapseq/gene+mimosca)
Jul-20 13:56:57.612 [Actor Thread 3] INFO  nextflow.processor.TaskProcessor - [e7/26a071] Cached process > run_method (schraivogel/ground_truth_tapseq/gene+nb_regression)
Jul-20 13:56:57.613 [Actor Thread 9] INFO  nextflow.processor.TaskProcessor - [30/414bd2] Cached process > run_method (schraivogel/ground_truth_tapseq/gene+schraivogel_method)
Jul-20 13:56:57.619 [Actor Thread 11] INFO  nextflow.processor.TaskProcessor - [97/4554d5] Cached process > run_method (schraivogel/ground_truth_tapseq/gene+mimosca)
Jul-20 13:56:57.619 [Actor Thread 1] INFO  nextflow.processor.TaskProcessor - [40/de4dd4] Cached process > run_method (schraivogel/ground_truth_tapseq/gene+schraivogel_method)
Jul-20 13:56:57.619 [Actor Thread 9] INFO  nextflow.processor.TaskProcessor - [f7/de7874] Cached process > run_method (schraivogel/ground_truth_tapseq/gene+mimosca)
Jul-20 13:56:57.619 [Actor Thread 2] INFO  nextflow.processor.TaskProcessor - [39/c51727] Cached process > run_method (schraivogel/ground_truth_tapseq/gene+schraivogel_method)
Jul-20 13:56:57.619 [Actor Thread 4] INFO  nextflow.processor.TaskProcessor - [78/4fb941] Cached process > run_method (schraivogel/ground_truth_tapseq/gene+mimosca)
Jul-20 13:56:57.620 [Actor Thread 3] INFO  nextflow.processor.TaskProcessor - [90/fb7681] Cached process > run_method (schraivogel/ground_truth_tapseq/gene+schraivogel_method)
Jul-20 13:56:57.627 [Actor Thread 11] INFO  nextflow.processor.TaskProcessor - [17/fd1a1d] Cached process > run_method (schraivogel/ground_truth_tapseq/gene+mimosca)
Jul-20 13:56:57.627 [Actor Thread 2] INFO  nextflow.processor.TaskProcessor - [06/361e5d] Cached process > run_method (schraivogel/ground_truth_tapseq/gene+schraivogel_method)
Jul-20 13:56:57.627 [Actor Thread 6] INFO  nextflow.processor.TaskProcessor - [cd/9decea] Cached process > run_method (schraivogel/ground_truth_tapseq/gene+schraivogel_method)
Jul-20 13:56:57.628 [Actor Thread 8] INFO  nextflow.processor.TaskProcessor - [38/ade795] Cached process > run_method (schraivogel/ground_truth_tapseq/gene+schraivogel_method)
Jul-20 13:56:57.628 [Actor Thread 10] INFO  nextflow.processor.TaskProcessor - [bd/c2dd28] Cached process > run_method (schraivogel/ground_truth_tapseq/gene+mimosca)
Jul-20 13:56:57.628 [Actor Thread 4] INFO  nextflow.processor.TaskProcessor - [c5/607a70] Cached process > run_method (schraivogel/ground_truth_tapseq/gene+schraivogel_method)
Jul-20 13:56:57.628 [Actor Thread 12] INFO  nextflow.processor.TaskProcessor - [0a/435969] Cached process > run_method (schraivogel/ground_truth_tapseq/gene+mimosca)
Jul-20 13:56:57.633 [Actor Thread 9] INFO  nextflow.processor.TaskProcessor - [81/449dcd] Cached process > run_method (schraivogel/ground_truth_tapseq/gene+mimosca)
Jul-20 13:56:57.634 [Actor Thread 12] INFO  nextflow.processor.TaskProcessor - [92/2e19ab] Cached process > run_method (schraivogel/ground_truth_tapseq/gene+schraivogel_method)
Jul-20 13:56:57.634 [Actor Thread 8] INFO  nextflow.processor.TaskProcessor - [0d/4fcc42] Cached process > run_method (schraivogel/ground_truth_tapseq/gene+schraivogel_method)
Jul-20 13:56:57.634 [Actor Thread 1] INFO  nextflow.processor.TaskProcessor - [88/1c8978] Cached process > run_method (schraivogel/ground_truth_tapseq/gene+mimosca)
Jul-20 13:56:57.634 [Actor Thread 11] INFO  nextflow.processor.TaskProcessor - [7d/8216d4] Cached process > run_method (schraivogel/ground_truth_tapseq/gene+schraivogel_method)
Jul-20 13:56:57.634 [Actor Thread 4] INFO  nextflow.processor.TaskProcessor - [cb/91a46e] Cached process > run_method (schraivogel/ground_truth_tapseq/gene+mimosca)
Jul-20 13:56:57.634 [Actor Thread 2] INFO  nextflow.processor.TaskProcessor - [bd/6b8c47] Cached process > run_method (schraivogel/ground_truth_tapseq/gene+mimosca)
Jul-20 13:56:57.716 [Task submitter] DEBUG nextflow.executor.LocalTaskHandler - Launch cmd line: /bin/bash -ue .command.run
Jul-20 13:56:57.721 [Task submitter] INFO  nextflow.Session - [bd/3013ff] Submitted process > combine_results
Jul-20 13:56:58.801 [Task monitor] DEBUG n.processor.TaskPollingMonitor - Task completed > TaskHandler[id: 30; name: combine_results; status: COMPLETED; exit: 0; error: -; workDir: /Users/timbarry/research_offsite/work/bd/3013ff485dda7d7fa948644f14381a]
Jul-20 13:56:58.819 [Task monitor] DEBUG nextflow.util.ThreadPoolBuilder - Creating thread pool 'FileTransfer' minSize=4; maxSize=4; workQueue=LinkedBlockingQueue[10000]; allowCoreThreadTimeout=false
Jul-20 13:56:58.821 [main] DEBUG nextflow.Session - Session await > all process finished
Jul-20 13:56:58.824 [main] DEBUG nextflow.Session - Session await > all barriers passed
Jul-20 13:56:58.833 [main] DEBUG nextflow.trace.WorkflowStatsObserver - Workflow completed > WorkflowStats[succeededCount=1; failedCount=0; ignoredCount=0; cachedCount=29; pendingCount=0; submittedCount=0; runningCount=0; retriesCount=0; abortedCount=0; succeedDuration=1s; failedDuration=0ms; cachedDuration=13m 30s;loadCpus=0; loadMemory=0; peakRunning=1; peakCpus=1; peakMemory=0; ]
Jul-20 13:56:59.035 [main] DEBUG nextflow.cache.CacheDB - Closing CacheDB done
Jul-20 13:56:59.054 [main] DEBUG nextflow.script.ScriptRunner - > Execution complete -- Goodbye
